[2026-04-29 02:50:45,589] [INFO] [N/A] Initialized isolated logging for Cycle 01 -> logs/cycles/cycle_01.log
[2026-04-29 02:50:46,160] [INFO] [N/A] Checking out branch: feat/generate-architecture-202604d232609...
[2026-04-29 02:50:46,172] [INFO] [N/A] Uncommitted changes detected. Auto-committing...
[2026-04-29 05:25:26,303] [INFO] [N/A] Initialized isolated logging for Cycle 01 -> logs/cycles/cycle_01.log
[2026-04-29 05:25:26,856] [INFO] [N/A] Checking out branch: feat/generate-architecture-202604d232609...
[2026-04-29 05:25:26,865] [INFO] [N/A] Uncommitted changes detected. Auto-committing...
[2026-04-29 05:25:26,876] [INFO] [N/A] ✓ Auto-committed changes.
[2026-04-29 05:25:26,884] [ERROR] [N/A] Failed to checkout 'feat/generate-architecture-202604d232609'. Please check git status.
[2026-04-29 05:25:26,884] [WARNING] [N/A] Branch preparation warning: Git command failed: git checkout feat/generate-architecture-202604d232609 - Stderr: error: Your local changes to the following files would be overwritten by checkout:
	logs/cycles/cycle_01.log
Please commit your changes or stash them before you switch branches.
Aborting
[2026-04-29 05:25:26,886] [INFO] [N/A] Removing Git Worktree for cycle 01...
[2026-04-29 05:25:26,891] [INFO] [N/A] ✓ Deleted temporary branch isolated-cycle-01-feat/generate-architecture-202604d232609
[2026-04-29 05:25:26,892] [INFO] [N/A] ✓ Worktree directory logs/worktrees/cycle_01 cleaned up.
[2026-04-29 05:25:26,892] [INFO] [N/A] Creating Git Worktree for cycle 01 on branch feat/generate-architecture-202604d232609...
[2026-04-29 05:25:26,901] [INFO] [N/A] ✓ Isolated worktree created at logs/worktrees/cycle_01 on branch isolated-cycle-01-feat/generate-architecture-202604d232609
[2026-04-29 05:25:40,082] [INFO] [N/A] Continuing Session sessions/13747040897521189400 with info...
[2026-04-29 05:25:45,040] [INFO] [N/A] DEBUG: Message sent successfully to https://jules.googleapis.com/v1alpha/sessions/13747040897521189400:sendMessage
[2026-04-29 05:25:45,045] [INFO] [N/A] Waiting for Jules to process feedback for sessions/13747040897521189400...
[2026-04-29 05:25:46,425] [INFO] [N/A] Session sessions/13747040897521189400 is currently COMPLETED. Waiting for Jules to resume work...
[2026-04-29 05:25:54,400] [INFO] [N/A] Initialized with 118 existing activities to ignore.
[2026-04-29 05:25:55,703] [INFO] [N/A] Session still in stale COMPLETED state (1s). Waiting for work to start...
[2026-04-29 05:26:35,594] [INFO] [N/A] Jules session state changed: COMPLETED → IN_PROGRESS
[2026-04-29 05:29:20,855] [INFO] [N/A] Jules session state changed: IN_PROGRESS → COMPLETED
[2026-04-29 05:29:26,755] [INFO] [N/A] Found sessionCompleted activity - session is genuinely complete
[2026-04-29 05:29:27,468] [INFO] [N/A] Checking out branch: jules-13747040897521189400-6855b863...
[2026-04-29 05:29:27,488] [INFO] [N/A] Uncommitted changes detected. Auto-committing...
[2026-04-29 05:29:27,498] [INFO] [N/A] ✓ Auto-committed changes.
[2026-04-29 05:29:27,502] [ERROR] [N/A] Failed to checkout 'jules-13747040897521189400-6855b863'. Please check git status.
[2026-04-29 05:29:27,510] [WARNING] [N/A] Failed to save diagnostic snapshot or perform RCA: Object of type CommitteeState is not JSON serializable
[2026-04-29 05:29:27,510] [INFO] [N/A] Removing Git Worktree for cycle 01...
[2026-04-29 05:29:27,516] [INFO] [N/A] ✓ Deleted temporary branch isolated-cycle-01-feat/generate-architecture-202604d232609
[2026-04-29 05:29:27,517] [INFO] [N/A] ✓ Worktree directory logs/worktrees/cycle_01 cleaned up.
[2026-04-29 05:42:18,519] [INFO] [N/A] Initialized isolated logging for Cycle 01 -> logs/cycles/cycle_01.log
[2026-04-29 05:42:18,899] [INFO] [N/A] Checking out branch: feat/generate-architecture-202604d232609...
[2026-04-29 05:42:18,905] [INFO] [N/A] Uncommitted changes detected. Auto-committing...
[2026-04-29 05:42:18,914] [INFO] [N/A] ✓ Auto-committed changes.
[2026-04-29 05:42:18,918] [ERROR] [N/A] Failed to checkout 'feat/generate-architecture-202604d232609'. Please check git status.
[2026-04-29 05:42:18,919] [WARNING] [N/A] Branch preparation warning: Git command failed: git checkout feat/generate-architecture-202604d232609 - Stderr: error: Your local changes to the following files would be overwritten by checkout:
	logs/cycles/cycle_01.log
Please commit your changes or stash them before you switch branches.
Aborting
[2026-04-29 05:42:18,919] [INFO] [N/A] Creating Git Worktree for cycle 01 on branch feat/generate-architecture-202604d232609...
[2026-04-29 05:42:18,929] [INFO] [N/A] ✓ Isolated worktree created at logs/worktrees/cycle_01 on branch isolated-cycle-01-feat/generate-architecture-202604d232609
[2026-04-29 05:42:31,702] [INFO] [N/A] Continuing Session sessions/13747040897521189400 with info...
[2026-04-29 05:42:35,712] [INFO] [N/A] DEBUG: Message sent successfully to https://jules.googleapis.com/v1alpha/sessions/13747040897521189400:sendMessage
[2026-04-29 05:42:35,716] [INFO] [N/A] Waiting for Jules to process feedback for sessions/13747040897521189400...
[2026-04-29 05:42:36,899] [INFO] [N/A] Session sessions/13747040897521189400 is currently COMPLETED. Waiting for Jules to resume work...
[2026-04-29 05:42:44,129] [INFO] [N/A] Initialized with 122 existing activities to ignore.
[2026-04-29 05:42:48,319] [INFO] [N/A] Session still in stale COMPLETED state (1s). Waiting for work to start...
[2026-04-29 05:43:26,131] [INFO] [N/A] Jules session state changed: COMPLETED → IN_PROGRESS
[2026-04-29 05:50:57,325] [INFO] [N/A] Jules session state changed: IN_PROGRESS → COMPLETED
[2026-04-29 05:51:03,026] [INFO] [N/A] Stale completion detected, BUT valid IN_PROGRESS->COMPLETED transition observed. Treating as complete.
[2026-04-29 05:51:08,405] [INFO] [N/A] Jules reported turn as COMPLETED. Verifying output fidelity (Checking for PR)...
[2026-04-29 05:51:09,083] [INFO] [N/A] Checking out branch: jules-13747040897521189400-6855b863...
[2026-04-29 05:51:09,090] [INFO] [N/A] Uncommitted changes detected. Auto-committing...
[2026-04-29 05:51:09,100] [INFO] [N/A] ✓ Auto-committed changes.
[2026-04-29 05:51:09,104] [ERROR] [N/A] Failed to checkout 'jules-13747040897521189400-6855b863'. Please check git status.
[2026-04-29 05:51:09,117] [WARNING] [N/A] Failed to save diagnostic snapshot or perform RCA: Object of type CommitteeState is not JSON serializable
[2026-04-29 05:51:09,117] [INFO] [N/A] Removing Git Worktree for cycle 01...
[2026-04-29 05:51:09,122] [INFO] [N/A] ✓ Deleted temporary branch isolated-cycle-01-feat/generate-architecture-202604d232609
[2026-04-29 05:51:09,123] [INFO] [N/A] ✓ Worktree directory logs/worktrees/cycle_01 cleaned up.
[2026-04-29 08:45:45,681] [INFO] [N/A] Initialized isolated logging for Cycle 01 -> logs/cycles/cycle_01.log
[2026-04-29 08:45:46,253] [INFO] [N/A] Checking out branch: feat/generate-architecture-202604d060732...
[2026-04-29 08:45:46,258] [INFO] [N/A] Uncommitted changes detected. Auto-committing...
[2026-04-29 08:45:46,265] [INFO] [N/A] ✓ Auto-committed changes.
[2026-04-29 08:45:46,624] [INFO] [N/A] Pulling latest changes (rebase)...
[2026-04-29 08:45:46,628] [WARNING] [N/A] pull --rebase failed (Git command failed: git pull --rebase - Stderr: error: cannot pull with rebase: You have unstaged changes.
error: Please commit or stash them.). Aborting rebase to restore clean state.
[2026-04-29 08:45:46,630] [WARNING] [N/A] Could not abort rebase: Git command failed: git rebase --abort - Stderr: fatal: no rebase in progress
[2026-04-29 08:45:46,630] [WARNING] [N/A] Branch preparation warning: Git command failed: git pull --rebase - Stderr: error: cannot pull with rebase: You have unstaged changes.
error: Please commit or stash them.
[2026-04-29 08:45:46,631] [INFO] [N/A] Creating Git Worktree for cycle 01 on branch feat/generate-architecture-202604d060732...
[2026-04-29 08:45:46,642] [INFO] [N/A] ✓ Isolated worktree created at logs/worktrees/cycle_01 on branch isolated-cycle-01-feat/generate-architecture-202604d060732
[2026-04-29 08:46:01,601] [INFO] [N/A] Pushing branch feat/generate-architecture-202604d060732 to origin...
[2026-04-29 08:46:02,247] [WARNING] [N/A] Could not sync/push branch: Git command failed: git push -u origin feat/generate-architecture-202604d060732 - Stderr: To https://github.com/tsuyama1990/JTC.git
 ! [rejected]        feat/generate-architecture-202604d060732 -> feat/generate-architecture-202604d060732 (non-fast-forward)
error: failed to push some refs to 'https://github.com/tsuyama1990/JTC.git'
hint: Updates were rejected because the tip of your current branch is behind
hint: its remote counterpart. If you want to integrate the remote changes,
hint: use 'git pull' before pushing again.
hint: See the 'Note about fast-forwards' in 'git push --help' for details.
[2026-04-29 08:46:02,249] [INFO] [N/A] Creating Jules session for branch 'feat/generate-architecture-202604d060732' (serialized via _session_creation_lock)
[2026-04-29 08:46:18,192] [INFO] [N/A] Initialized with 0 existing activities to ignore.
[2026-04-29 09:52:03,024] [WARNING] [N/A] Silent Agent detected (3619s). Sending nudge #1/3...
[2026-04-29 09:52:08,149] [INFO] [N/A] DEBUG: Message sent successfully to https://jules.googleapis.com/v1alpha/sessions/6174066316877702497:sendMessage
[2026-04-29 10:15:34,722] [INFO] [N/A] Jules session state changed: IN_PROGRESS → COMPLETED
[2026-04-29 10:15:35,996] [INFO] [N/A] Found sessionCompleted activity - session is genuinely complete
[2026-04-29 10:15:36,667] [INFO] [N/A] Captured last_processed_commit for feature/cycle01-data-pipeline-6174066316877702497: bd9a373cf494ff3b1373ff17df6f5c453a1daa1f
[2026-04-29 10:15:37,077] [INFO] [N/A] Checking out branch: feature/cycle01-data-pipeline-6174066316877702497...
[2026-04-29 10:15:37,087] [INFO] [N/A] Uncommitted changes detected. Auto-committing...
